<?xml version="1.0" encoding="UTF-8"?>
<testng-results skipped="0" failed="0" ignored="0" total="3" passed="3">
  <reporter-output>
  </reporter-output>
  <suite name="Test grid" duration-ms="27132" started-at="2020-09-24T11:47:52Z" finished-at="2020-09-24T11:48:19Z">
    <groups>
    </groups>
    <test name=" test Node1" duration-ms="1894" started-at="2020-09-24T11:47:52Z" finished-at="2020-09-24T11:47:54Z">
      <class name="gridtest.Node1">
        <test-method status="PASS" signature="testnode1()[pri:0, instance:gridtest.Node1@2b2948e2]" name="testnode1" duration-ms="1816" started-at="2020-09-24T11:47:52Z" finished-at="2020-09-24T11:47:53Z">
          <reporter-output>
          </reporter-output>
        </test-method> <!-- testnode1 -->
        <test-method status="PASS" signature="after()[pri:0, instance:gridtest.Node1@2b2948e2]" name="after" is-config="true" duration-ms="65" started-at="2020-09-24T11:47:53Z" finished-at="2020-09-24T11:47:54Z">
          <reporter-output>
          </reporter-output>
        </test-method> <!-- after -->
      </class> <!-- gridtest.Node1 -->
    </test> <!--  test Node1 -->
    <test name=" test Node2" duration-ms="20682" started-at="2020-09-24T11:47:52Z" finished-at="2020-09-24T11:48:12Z">
      <class name="gridtest.Node2">
        <test-method status="PASS" signature="testnode2()[pri:0, instance:gridtest.Node2@578486a3]" name="testnode2" duration-ms="20278" started-at="2020-09-24T11:47:52Z" finished-at="2020-09-24T11:48:12Z">
          <reporter-output>
          </reporter-output>
        </test-method> <!-- testnode2 -->
        <test-method status="PASS" signature="after()[pri:0, instance:gridtest.Node2@578486a3]" name="after" is-config="true" duration-ms="392" started-at="2020-09-24T11:48:12Z" finished-at="2020-09-24T11:48:12Z">
          <reporter-output>
          </reporter-output>
        </test-method> <!-- after -->
      </class> <!-- gridtest.Node2 -->
    </test> <!--  test Node2 -->
    <test name=" test Node3" duration-ms="27132" started-at="2020-09-24T11:47:52Z" finished-at="2020-09-24T11:48:19Z">
      <class name="gridtest.Launchbrowser">
        <test-method status="PASS" signature="before()[pri:0, instance:gridtest.Launchbrowser@49fc609f]" name="before" is-config="true" duration-ms="22083" started-at="2020-09-24T11:47:52Z" finished-at="2020-09-24T11:48:14Z">
          <reporter-output>
          </reporter-output>
        </test-method> <!-- before -->
        <test-method status="PASS" signature="test()[pri:0, instance:gridtest.Launchbrowser@49fc609f]" name="test" duration-ms="4682" started-at="2020-09-24T11:48:14Z" finished-at="2020-09-24T11:48:18Z">
          <reporter-output>
          </reporter-output>
        </test-method> <!-- test -->
        <test-method status="PASS" signature="after()[pri:0, instance:gridtest.Launchbrowser@49fc609f]" name="after" is-config="true" duration-ms="364" started-at="2020-09-24T11:48:18Z" finished-at="2020-09-24T11:48:19Z">
          <reporter-output>
          </reporter-output>
        </test-method> <!-- after -->
      </class> <!-- gridtest.Launchbrowser -->
    </test> <!--  test Node3 -->
  </suite> <!-- Test grid -->
</testng-results>
