<?xml version="1.0" encoding="UTF-8"?>
<testng-results skipped="0" failed="0" ignored="0" total="2" passed="2">
  <reporter-output>
  </reporter-output>
  <suite name="Test grid" duration-ms="6755" started-at="2020-10-17T12:07:11Z" finished-at="2020-10-17T12:07:17Z">
    <groups>
    </groups>
    <test name=" test Node1" duration-ms="1434" started-at="2020-10-17T12:07:11Z" finished-at="2020-10-17T12:07:12Z">
      <class name="gridtest.Node1">
        <test-method status="PASS" signature="before()[pri:0, instance:gridtest.Node1@210366b4]" name="before" is-config="true" duration-ms="909" started-at="2020-10-17T12:07:11Z" finished-at="2020-10-17T12:07:11Z">
          <reporter-output>
          </reporter-output>
        </test-method> <!-- before -->
        <test-method status="PASS" signature="testnode1()[pri:0, instance:gridtest.Node1@210366b4]" name="testnode1" duration-ms="453" started-at="2020-10-17T12:07:11Z" finished-at="2020-10-17T12:07:12Z">
          <reporter-output>
          </reporter-output>
        </test-method> <!-- testnode1 -->
        <test-method status="PASS" signature="after()[pri:0, instance:gridtest.Node1@210366b4]" name="after" is-config="true" duration-ms="63" started-at="2020-10-17T12:07:12Z" finished-at="2020-10-17T12:07:12Z">
          <reporter-output>
          </reporter-output>
        </test-method> <!-- after -->
      </class> <!-- gridtest.Node1 -->
    </test> <!--  test Node1 -->
    <test name=" test Node2" duration-ms="6755" started-at="2020-10-17T12:07:11Z" finished-at="2020-10-17T12:07:17Z">
      <class name="gridtest.Node2">
        <test-method status="PASS" signature="before()[pri:0, instance:gridtest.Node2@2758fe70]" name="before" is-config="true" duration-ms="1785" started-at="2020-10-17T12:07:11Z" finished-at="2020-10-17T12:07:12Z">
          <reporter-output>
          </reporter-output>
        </test-method> <!-- before -->
        <test-method status="PASS" signature="testnode2()[pri:0, instance:gridtest.Node2@2758fe70]" name="testnode2" duration-ms="4906" started-at="2020-10-17T12:07:12Z" finished-at="2020-10-17T12:07:17Z">
          <reporter-output>
          </reporter-output>
        </test-method> <!-- testnode2 -->
        <test-method status="PASS" signature="after()[pri:0, instance:gridtest.Node2@2758fe70]" name="after" is-config="true" duration-ms="63" started-at="2020-10-17T12:07:17Z" finished-at="2020-10-17T12:07:17Z">
          <reporter-output>
          </reporter-output>
        </test-method> <!-- after -->
      </class> <!-- gridtest.Node2 -->
    </test> <!--  test Node2 -->
  </suite> <!-- Test grid -->
</testng-results>
