<?xml version="1.0" encoding="UTF-8"?>
<testng-results skipped="0" failed="0" ignored="0" total="5" passed="5">
  <reporter-output>
  </reporter-output>
  <suite name="Test grid" duration-ms="9719" started-at="2020-09-25T10:13:56 IST" finished-at="2020-09-25T10:14:06 IST">
    <groups>
    </groups>
    <test name=" test Node1" duration-ms="1501" started-at="2020-09-25T10:13:56 IST" finished-at="2020-09-25T10:13:58 IST">
      <class name="gridtest.Node1">
        <test-method status="PASS" signature="before()[pri:0, instance:gridtest.Node1@5a1c0542]" name="before" is-config="true" duration-ms="627" started-at="2020-09-25T10:13:56 IST" finished-at="2020-09-25T10:13:57 IST">
          <reporter-output>
          </reporter-output>
        </test-method> <!-- before -->
        <test-method status="PASS" signature="testnode1()[pri:0, instance:gridtest.Node1@5a1c0542]" name="testnode1" duration-ms="797" started-at="2020-09-25T10:13:57 IST" finished-at="2020-09-25T10:13:58 IST">
          <reporter-output>
          </reporter-output>
        </test-method> <!-- testnode1 -->
        <test-method status="PASS" signature="after()[pri:0, instance:gridtest.Node1@5a1c0542]" name="after" is-config="true" duration-ms="60" started-at="2020-09-25T10:13:58 IST" finished-at="2020-09-25T10:13:58 IST">
          <reporter-output>
          </reporter-output>
        </test-method> <!-- after -->
      </class> <!-- gridtest.Node1 -->
    </test> <!--  test Node1 -->
    <test name=" test Node2" duration-ms="3432" started-at="2020-09-25T10:13:56 IST" finished-at="2020-09-25T10:14:00 IST">
      <class name="gridtest.Node2">
        <test-method status="PASS" signature="before()[pri:0, instance:gridtest.Node2@30a3107a]" name="before" is-config="true" duration-ms="1736" started-at="2020-09-25T10:13:56 IST" finished-at="2020-09-25T10:13:58 IST">
          <reporter-output>
          </reporter-output>
        </test-method> <!-- before -->
        <test-method status="PASS" signature="testnode2()[pri:0, instance:gridtest.Node2@30a3107a]" name="testnode2" duration-ms="1629" started-at="2020-09-25T10:13:58 IST" finished-at="2020-09-25T10:14:00 IST">
          <reporter-output>
          </reporter-output>
        </test-method> <!-- testnode2 -->
        <test-method status="PASS" signature="after()[pri:0, instance:gridtest.Node2@30a3107a]" name="after" is-config="true" duration-ms="60" started-at="2020-09-25T10:14:00 IST" finished-at="2020-09-25T10:14:00 IST">
          <reporter-output>
          </reporter-output>
        </test-method> <!-- after -->
      </class> <!-- gridtest.Node2 -->
    </test> <!--  test Node2 -->
    <test name=" test Node3" duration-ms="9719" started-at="2020-09-25T10:13:56 IST" finished-at="2020-09-25T10:14:06 IST">
      <class name="gridtest.Launchbrowser">
        <test-method status="PASS" signature="before()[pri:0, instance:gridtest.Launchbrowser@78e67e0a]" name="before" is-config="true" duration-ms="3676" started-at="2020-09-25T10:13:56 IST" finished-at="2020-09-25T10:14:00 IST">
          <reporter-output>
          </reporter-output>
        </test-method> <!-- before -->
        <test-method status="PASS" signature="test()[pri:0, instance:gridtest.Launchbrowser@78e67e0a]" name="test" duration-ms="2225" started-at="2020-09-25T10:14:00 IST" finished-at="2020-09-25T10:14:02 IST">
          <reporter-output>
          </reporter-output>
        </test-method> <!-- test -->
        <test-method status="PASS" signature="test()[pri:0, instance:gridtest.Launchbrowser@78e67e0a]" name="test" duration-ms="1882" started-at="2020-09-25T10:14:02 IST" finished-at="2020-09-25T10:14:04 IST">
          <reporter-output>
          </reporter-output>
        </test-method> <!-- test -->
        <test-method status="PASS" signature="test()[pri:0, instance:gridtest.Launchbrowser@78e67e0a]" name="test" duration-ms="1868" started-at="2020-09-25T10:14:04 IST" finished-at="2020-09-25T10:14:06 IST">
          <reporter-output>
          </reporter-output>
        </test-method> <!-- test -->
        <test-method status="PASS" signature="after()[pri:0, instance:gridtest.Launchbrowser@78e67e0a]" name="after" is-config="true" duration-ms="59" started-at="2020-09-25T10:14:06 IST" finished-at="2020-09-25T10:14:06 IST">
          <reporter-output>
          </reporter-output>
        </test-method> <!-- after -->
      </class> <!-- gridtest.Launchbrowser -->
    </test> <!--  test Node3 -->
  </suite> <!-- Test grid -->
</testng-results>
