<?xml version="1.0" encoding="UTF-8"?>
<testng-results skipped="0" failed="0" ignored="0" total="2" passed="2">
  <reporter-output>
  </reporter-output>
  <suite name="Test grid" duration-ms="6229" started-at="2020-10-13T19:37:29 IST" finished-at="2020-10-13T19:37:35 IST">
    <groups>
    </groups>
    <test name=" test Node2" duration-ms="4057" started-at="2020-10-13T19:37:29 IST" finished-at="2020-10-13T19:37:33 IST">
      <class name="gridtest.Node2">
        <test-method status="PASS" signature="before()[pri:0, instance:gridtest.Node2@34c4973]" name="before" is-config="true" duration-ms="678" started-at="2020-10-13T19:37:29 IST" finished-at="2020-10-13T19:37:29 IST">
          <reporter-output>
          </reporter-output>
        </test-method> <!-- before -->
        <test-method status="PASS" signature="testnode2()[pri:0, instance:gridtest.Node2@34c4973]" name="testnode2" duration-ms="3298" started-at="2020-10-13T19:37:29 IST" finished-at="2020-10-13T19:37:33 IST">
          <reporter-output>
          </reporter-output>
        </test-method> <!-- testnode2 -->
        <test-method status="PASS" signature="after()[pri:0, instance:gridtest.Node2@34c4973]" name="after" is-config="true" duration-ms="61" started-at="2020-10-13T19:37:33 IST" finished-at="2020-10-13T19:37:33 IST">
          <reporter-output>
          </reporter-output>
        </test-method> <!-- after -->
      </class> <!-- gridtest.Node2 -->
    </test> <!--  test Node2 -->
    <test name=" test Node1" duration-ms="6229" started-at="2020-10-13T19:37:29 IST" finished-at="2020-10-13T19:37:35 IST">
      <class name="gridtest.Node1">
        <test-method status="PASS" signature="before()[pri:0, instance:gridtest.Node1@394e1a0f]" name="before" is-config="true" duration-ms="4427" started-at="2020-10-13T19:37:29 IST" finished-at="2020-10-13T19:37:33 IST">
          <reporter-output>
          </reporter-output>
        </test-method> <!-- before -->
        <test-method status="PASS" signature="testnode1()[pri:0, instance:gridtest.Node1@394e1a0f]" name="testnode1" duration-ms="1736" started-at="2020-10-13T19:37:33 IST" finished-at="2020-10-13T19:37:35 IST">
          <reporter-output>
          </reporter-output>
        </test-method> <!-- testnode1 -->
        <test-method status="PASS" signature="after()[pri:0, instance:gridtest.Node1@394e1a0f]" name="after" is-config="true" duration-ms="61" started-at="2020-10-13T19:37:35 IST" finished-at="2020-10-13T19:37:35 IST">
          <reporter-output>
          </reporter-output>
        </test-method> <!-- after -->
      </class> <!-- gridtest.Node1 -->
    </test> <!--  test Node1 -->
  </suite> <!-- Test grid -->
</testng-results>
